{"name":"testAddingToCart","status":"failed","statusDetails":{"known":false,"muted":false,"flaky":false,"message":"Element not found {svg-inline--fa fa-shopping-cart fa-w-18 fa-3x}\nExpected: visible\nScreenshot: file:/home/ostap/Documents/logos/AQA%20course/AllureLesson/Selenide-Allure-TestNG/selenide-reports/saucedemoTests/sauceDemoTests/testAddingToCart/1615388289243.0.png\nPage source: file:/home/ostap/Documents/logos/AQA%20course/AllureLesson/Selenide-Allure-TestNG/selenide-reports/saucedemoTests/sauceDemoTests/testAddingToCart/1615388289243.0.html\nTimeout: 4 s.\nCaused by: NoSuchElementException: no such element: Unable to locate element: {\"method\":\"css selector\",\"selector\":\"svg-inline--fa fa-shopping-cart fa-w-18 fa-3x\"}","trace":"Element not found {svg-inline--fa fa-shopping-cart fa-w-18 fa-3x}\nExpected: visible\nScreenshot: file:/home/ostap/Documents/logos/AQA%20course/AllureLesson/Selenide-Allure-TestNG/selenide-reports/saucedemoTests/sauceDemoTests/testAddingToCart/1615388289243.0.png\nPage source: file:/home/ostap/Documents/logos/AQA%20course/AllureLesson/Selenide-Allure-TestNG/selenide-reports/saucedemoTests/sauceDemoTests/testAddingToCart/1615388289243.0.html\nTimeout: 4 s.\nCaused by: NoSuchElementException: no such element: Unable to locate element: {\"method\":\"css selector\",\"selector\":\"svg-inline--fa fa-shopping-cart fa-w-18 fa-3x\"}\n\tat com.codeborne.selenide.impl.WebElementSource.createElementNotFoundError(WebElementSource.java:83)\n\tat com.codeborne.selenide.impl.ElementFinder.createElementNotFoundError(ElementFinder.java:136)\n\tat com.codeborne.selenide.impl.WebElementSource.checkCondition(WebElementSource.java:114)\n\tat com.codeborne.selenide.commands.Should.execute(Should.java:30)\n\tat com.codeborne.selenide.commands.Should.execute(Should.java:14)\n\tat com.codeborne.selenide.commands.Commands.execute(Commands.java:155)\n\tat com.codeborne.selenide.impl.SelenideElementProxy.dispatchAndRetry(SelenideElementProxy.java:128)\n\tat com.codeborne.selenide.impl.SelenideElementProxy.invoke(SelenideElementProxy.java:80)\n\tat com.sun.proxy.$Proxy15.shouldBe(Unknown Source)\n\tat sauceDemo.sauceDemo.goToCart(sauceDemo.java:86)\n\tat saucedemoTests.sauceDemoTests.testAddingToCart(sauceDemoTests.java:73)\n\tat java.base/jdk.internal.reflect.NativeMethodAccessorImpl.invoke0(Native Method)\n\tat java.base/jdk.internal.reflect.NativeMethodAccessorImpl.invoke(NativeMethodAccessorImpl.java:62)\n\tat java.base/jdk.internal.reflect.DelegatingMethodAccessorImpl.invoke(DelegatingMethodAccessorImpl.java:43)\n\tat java.base/java.lang.reflect.Method.invoke(Method.java:566)\n\tat org.testng.internal.MethodInvocationHelper.invokeMethod(MethodInvocationHelper.java:134)\n\tat org.testng.internal.TestInvoker.invokeMethod(TestInvoker.java:597)\n\tat org.testng.internal.TestInvoker.invokeTestMethod(TestInvoker.java:173)\n\tat org.testng.internal.MethodRunner.runInSequence(MethodRunner.java:46)\n\tat org.testng.internal.TestInvoker$MethodInvocationAgent.invoke(TestInvoker.java:816)\n\tat org.testng.internal.TestInvoker.invokeTestMethods(TestInvoker.java:146)\n\tat org.testng.internal.TestMethodWorker.invokeTestMethods(TestMethodWorker.java:146)\n\tat org.testng.internal.TestMethodWorker.run(TestMethodWorker.java:128)\n\tat java.base/java.util.ArrayList.forEach(ArrayList.java:1541)\n\tat org.testng.TestRunner.privateRun(TestRunner.java:766)\n\tat org.testng.TestRunner.run(TestRunner.java:587)\n\tat org.testng.SuiteRunner.runTest(SuiteRunner.java:384)\n\tat org.testng.SuiteRunner.runSequentially(SuiteRunner.java:378)\n\tat org.testng.SuiteRunner.privateRun(SuiteRunner.java:337)\n\tat org.testng.SuiteRunner.run(SuiteRunner.java:286)\n\tat org.testng.SuiteRunnerWorker.runSuite(SuiteRunnerWorker.java:53)\n\tat org.testng.SuiteRunnerWorker.run(SuiteRunnerWorker.java:96)\n\tat org.testng.TestNG.runSuitesSequentially(TestNG.java:1187)\n\tat org.testng.TestNG.runSuitesLocally(TestNG.java:1109)\n\tat org.testng.TestNG.runSuites(TestNG.java:1039)\n\tat org.testng.TestNG.run(TestNG.java:1007)\n\tat com.intellij.rt.testng.IDEARemoteTestNG.run(IDEARemoteTestNG.java:66)\n\tat com.intellij.rt.testng.RemoteTestNGStarter.main(RemoteTestNGStarter.java:109)\nCaused by: org.openqa.selenium.NoSuchElementException: no such element: Unable to locate element: {\"method\":\"css selector\",\"selector\":\"svg-inline--fa fa-shopping-cart fa-w-18 fa-3x\"}\n  (Session info: chrome=89.0.4389.72)\nFor documentation on this error, please visit: https://www.seleniumhq.org/exceptions/no_such_element.html\nBuild info: version: '3.141.59', revision: 'e82be7d358', time: '2018-11-14T08:17:03'\nSystem info: host: 'ostap', ip: '192.168.77.250', os.name: 'Linux', os.arch: 'amd64', os.version: '5.8.0-44-generic', java.version: '11.0.9'\nDriver info: org.openqa.selenium.chrome.ChromeDriver\nCapabilities {acceptInsecureCerts: true, browserName: chrome, browserVersion: 89.0.4389.72, chrome: {chromedriverVersion: 89.0.4389.23 (61b08ee2c5002..., userDataDir: /tmp/.com.google.Chrome.Z58WN8}, goog:chromeOptions: {debuggerAddress: localhost:33383}, javascriptEnabled: true, networkConnectionEnabled: false, pageLoadStrategy: normal, platform: LINUX, platformName: LINUX, proxy: Proxy(), setWindowRect: true, strictFileInteractability: false, timeouts: {implicit: 0, pageLoad: 300000, script: 30000}, unhandledPromptBehavior: dismiss and notify, webauthn:extension:largeBlob: true, webauthn:virtualAuthenticators: true}\nSession ID: 10633a17a5e81b47dd7c2b7a0a3088ad\n*** Element info: {Using=css selector, value=svg-inline--fa fa-shopping-cart fa-w-18 fa-3x}\n\tat jdk.internal.reflect.GeneratedConstructorAccessor10.newInstance(Unknown Source)\n\tat java.base/jdk.internal.reflect.DelegatingConstructorAccessorImpl.newInstance(DelegatingConstructorAccessorImpl.java:45)\n\tat java.base/java.lang.reflect.Constructor.newInstance(Constructor.java:490)\n\tat org.openqa.selenium.remote.http.W3CHttpResponseCodec.createException(W3CHttpResponseCodec.java:187)\n\tat org.openqa.selenium.remote.http.W3CHttpResponseCodec.decode(W3CHttpResponseCodec.java:122)\n\tat org.openqa.selenium.remote.http.W3CHttpResponseCodec.decode(W3CHttpResponseCodec.java:49)\n\tat org.openqa.selenium.remote.HttpCommandExecutor.execute(HttpCommandExecutor.java:158)\n\tat org.openqa.selenium.remote.service.DriverCommandExecutor.execute(DriverCommandExecutor.java:83)\n\tat org.openqa.selenium.remote.RemoteWebDriver.execute(RemoteWebDriver.java:552)\n\tat org.openqa.selenium.remote.RemoteWebDriver.findElement(RemoteWebDriver.java:323)\n\tat org.openqa.selenium.remote.RemoteWebDriver.findElementByCssSelector(RemoteWebDriver.java:420)\n\tat org.openqa.selenium.By$ByCssSelector.findElement(By.java:431)\n\tat org.openqa.selenium.remote.RemoteWebDriver.findElement(RemoteWebDriver.java:315)\n\tat com.codeborne.selenide.impl.WebElementSelector.findElement(WebElementSelector.java:59)\n\tat com.codeborne.selenide.impl.WebElementSelector.findElement(WebElementSelector.java:34)\n\tat com.codeborne.selenide.impl.ElementFinder.getWebElement(ElementFinder.java:104)\n\tat com.codeborne.selenide.impl.WebElementSource.checkCondition(WebElementSource.java:99)\n\t... 35 more\n"},"stage":"finished","description":"Chec adding to cart","steps":[{"name":"$(\"open\") https://www.saucedemo.com","status":"passed","stage":"finished","steps":[],"attachments":[],"parameters":[],"start":1615388275859,"stop":1615388280778},{"name":"$(\"By.name: user-name\") should be(visible)","status":"passed","stage":"finished","steps":[],"attachments":[],"parameters":[],"start":1615388280871,"stop":1615388281035},{"name":"$(\"By.name: user-name\") send keys(standard_user)","status":"passed","stage":"finished","steps":[],"attachments":[],"parameters":[],"start":1615388281035,"stop":1615388281236},{"name":"$(\"By.name: password\") should be(visible)","status":"passed","stage":"finished","steps":[],"attachments":[],"parameters":[],"start":1615388281236,"stop":1615388281313},{"name":"$(\"By.name: password\") send keys(secret_sauce)","status":"passed","stage":"finished","steps":[],"attachments":[],"parameters":[],"start":1615388281314,"stop":1615388281515},{"name":"$(\"By.id: login-button\") click()","status":"passed","stage":"finished","steps":[],"attachments":[],"parameters":[],"start":1615388281515,"stop":1615388281932},{"name":"$(\"By.xpath: (//div[@class='inventory_item_price']/following-sibling::button)[1]\") should be(visible)","status":"passed","stage":"finished","steps":[],"attachments":[],"parameters":[],"start":1615388281932,"stop":1615388282931},{"name":"$(\"By.xpath: (//div[@class='inventory_item_price']/following-sibling::button)[1]\") click()","status":"passed","stage":"finished","steps":[],"attachments":[],"parameters":[],"start":1615388282932,"stop":1615388283527},{"name":"$(\"By.xpath: (//div[@class='inventory_item_price']/following-sibling::button)[2]\") should be(visible)","status":"passed","stage":"finished","steps":[],"attachments":[],"parameters":[],"start":1615388283527,"stop":1615388283642},{"name":"$(\"By.xpath: (//div[@class='inventory_item_price']/following-sibling::button)[2]\") click()","status":"passed","stage":"finished","steps":[],"attachments":[],"parameters":[],"start":1615388283642,"stop":1615388283827},{"name":"$(\"By.xpath: (//div[@class='inventory_item_price']/following-sibling::button)[3]\") should be(visible)","status":"passed","stage":"finished","steps":[],"attachments":[],"parameters":[],"start":1615388283827,"stop":1615388283894},{"name":"$(\"By.xpath: (//div[@class='inventory_item_price']/following-sibling::button)[3]\") click()","status":"passed","stage":"finished","steps":[],"attachments":[],"parameters":[],"start":1615388283895,"stop":1615388284049},{"name":"$(\"By.xpath: (//div[@class='inventory_item_price']/following-sibling::button)[4]\") should be(visible)","status":"passed","stage":"finished","steps":[],"attachments":[],"parameters":[],"start":1615388284049,"stop":1615388284113},{"name":"$(\"By.xpath: (//div[@class='inventory_item_price']/following-sibling::button)[4]\") click()","status":"passed","stage":"finished","steps":[],"attachments":[],"parameters":[],"start":1615388284113,"stop":1615388284485},{"name":"$(\"By.xpath: (//div[@class='inventory_item_price']/following-sibling::button)[5]\") should be(visible)","status":"passed","stage":"finished","steps":[],"attachments":[],"parameters":[],"start":1615388284486,"stop":1615388284609},{"name":"$(\"By.xpath: (//div[@class='inventory_item_price']/following-sibling::button)[5]\") click()","status":"passed","stage":"finished","steps":[],"attachments":[],"parameters":[],"start":1615388284610,"stop":1615388284877},{"name":"$(\"By.xpath: (//div[@class='inventory_item_price']/following-sibling::button)[6]\") should be(visible)","status":"passed","stage":"finished","steps":[],"attachments":[],"parameters":[],"start":1615388284877,"stop":1615388284953},{"name":"$(\"By.xpath: (//div[@class='inventory_item_price']/following-sibling::button)[6]\") click()","status":"passed","stage":"finished","steps":[],"attachments":[],"parameters":[],"start":1615388284953,"stop":1615388285144},{"name":"$(\"svg-inline--fa fa-shopping-cart fa-w-18 fa-3x\") should be(visible)","status":"failed","statusDetails":{"known":false,"muted":false,"flaky":false,"message":"Element not found {svg-inline--fa fa-shopping-cart fa-w-18 fa-3x}\nExpected: visible\nScreenshot: file:/home/ostap/Documents/logos/AQA%20course/AllureLesson/Selenide-Allure-TestNG/selenide-reports/saucedemoTests/sauceDemoTests/testAddingToCart/1615388289243.0.png\nPage source: file:/home/ostap/Documents/logos/AQA%20course/AllureLesson/Selenide-Allure-TestNG/selenide-reports/saucedemoTests/sauceDemoTests/testAddingToCart/1615388289243.0.html\nTimeout: 4 s.\nCaused by: NoSuchElementException: no such element: Unable to locate element: {\"method\":\"css selector\",\"selector\":\"svg-inline--fa fa-shopping-cart fa-w-18 fa-3x\"}","trace":"Element not found {svg-inline--fa fa-shopping-cart fa-w-18 fa-3x}\nExpected: visible\nScreenshot: file:/home/ostap/Documents/logos/AQA%20course/AllureLesson/Selenide-Allure-TestNG/selenide-reports/saucedemoTests/sauceDemoTests/testAddingToCart/1615388289243.0.png\nPage source: file:/home/ostap/Documents/logos/AQA%20course/AllureLesson/Selenide-Allure-TestNG/selenide-reports/saucedemoTests/sauceDemoTests/testAddingToCart/1615388289243.0.html\nTimeout: 4 s.\nCaused by: NoSuchElementException: no such element: Unable to locate element: {\"method\":\"css selector\",\"selector\":\"svg-inline--fa fa-shopping-cart fa-w-18 fa-3x\"}\n\tat com.codeborne.selenide.impl.WebElementSource.createElementNotFoundError(WebElementSource.java:83)\n\tat com.codeborne.selenide.impl.ElementFinder.createElementNotFoundError(ElementFinder.java:136)\n\tat com.codeborne.selenide.impl.WebElementSource.checkCondition(WebElementSource.java:114)\n\tat com.codeborne.selenide.commands.Should.execute(Should.java:30)\n\tat com.codeborne.selenide.commands.Should.execute(Should.java:14)\n\tat com.codeborne.selenide.commands.Commands.execute(Commands.java:155)\n\tat com.codeborne.selenide.impl.SelenideElementProxy.dispatchAndRetry(SelenideElementProxy.java:128)\n\tat com.codeborne.selenide.impl.SelenideElementProxy.invoke(SelenideElementProxy.java:80)\n\tat com.sun.proxy.$Proxy15.shouldBe(Unknown Source)\n\tat sauceDemo.sauceDemo.goToCart(sauceDemo.java:86)\n\tat saucedemoTests.sauceDemoTests.testAddingToCart(sauceDemoTests.java:73)\n\tat java.base/jdk.internal.reflect.NativeMethodAccessorImpl.invoke0(Native Method)\n\tat java.base/jdk.internal.reflect.NativeMethodAccessorImpl.invoke(NativeMethodAccessorImpl.java:62)\n\tat java.base/jdk.internal.reflect.DelegatingMethodAccessorImpl.invoke(DelegatingMethodAccessorImpl.java:43)\n\tat java.base/java.lang.reflect.Method.invoke(Method.java:566)\n\tat org.testng.internal.MethodInvocationHelper.invokeMethod(MethodInvocationHelper.java:134)\n\tat org.testng.internal.TestInvoker.invokeMethod(TestInvoker.java:597)\n\tat org.testng.internal.TestInvoker.invokeTestMethod(TestInvoker.java:173)\n\tat org.testng.internal.MethodRunner.runInSequence(MethodRunner.java:46)\n\tat org.testng.internal.TestInvoker$MethodInvocationAgent.invoke(TestInvoker.java:816)\n\tat org.testng.internal.TestInvoker.invokeTestMethods(TestInvoker.java:146)\n\tat org.testng.internal.TestMethodWorker.invokeTestMethods(TestMethodWorker.java:146)\n\tat org.testng.internal.TestMethodWorker.run(TestMethodWorker.java:128)\n\tat java.base/java.util.ArrayList.forEach(ArrayList.java:1541)\n\tat org.testng.TestRunner.privateRun(TestRunner.java:766)\n\tat org.testng.TestRunner.run(TestRunner.java:587)\n\tat org.testng.SuiteRunner.runTest(SuiteRunner.java:384)\n\tat org.testng.SuiteRunner.runSequentially(SuiteRunner.java:378)\n\tat org.testng.SuiteRunner.privateRun(SuiteRunner.java:337)\n\tat org.testng.SuiteRunner.run(SuiteRunner.java:286)\n\tat org.testng.SuiteRunnerWorker.runSuite(SuiteRunnerWorker.java:53)\n\tat org.testng.SuiteRunnerWorker.run(SuiteRunnerWorker.java:96)\n\tat org.testng.TestNG.runSuitesSequentially(TestNG.java:1187)\n\tat org.testng.TestNG.runSuitesLocally(TestNG.java:1109)\n\tat org.testng.TestNG.runSuites(TestNG.java:1039)\n\tat org.testng.TestNG.run(TestNG.java:1007)\n\tat com.intellij.rt.testng.IDEARemoteTestNG.run(IDEARemoteTestNG.java:66)\n\tat com.intellij.rt.testng.RemoteTestNGStarter.main(RemoteTestNGStarter.java:109)\nCaused by: org.openqa.selenium.NoSuchElementException: no such element: Unable to locate element: {\"method\":\"css selector\",\"selector\":\"svg-inline--fa fa-shopping-cart fa-w-18 fa-3x\"}\n  (Session info: chrome=89.0.4389.72)\nFor documentation on this error, please visit: https://www.seleniumhq.org/exceptions/no_such_element.html\nBuild info: version: '3.141.59', revision: 'e82be7d358', time: '2018-11-14T08:17:03'\nSystem info: host: 'ostap', ip: '192.168.77.250', os.name: 'Linux', os.arch: 'amd64', os.version: '5.8.0-44-generic', java.version: '11.0.9'\nDriver info: org.openqa.selenium.chrome.ChromeDriver\nCapabilities {acceptInsecureCerts: true, browserName: chrome, browserVersion: 89.0.4389.72, chrome: {chromedriverVersion: 89.0.4389.23 (61b08ee2c5002..., userDataDir: /tmp/.com.google.Chrome.Z58WN8}, goog:chromeOptions: {debuggerAddress: localhost:33383}, javascriptEnabled: true, networkConnectionEnabled: false, pageLoadStrategy: normal, platform: LINUX, platformName: LINUX, proxy: Proxy(), setWindowRect: true, strictFileInteractability: false, timeouts: {implicit: 0, pageLoad: 300000, script: 30000}, unhandledPromptBehavior: dismiss and notify, webauthn:extension:largeBlob: true, webauthn:virtualAuthenticators: true}\nSession ID: 10633a17a5e81b47dd7c2b7a0a3088ad\n*** Element info: {Using=css selector, value=svg-inline--fa fa-shopping-cart fa-w-18 fa-3x}\n\tat jdk.internal.reflect.GeneratedConstructorAccessor10.newInstance(Unknown Source)\n\tat java.base/jdk.internal.reflect.DelegatingConstructorAccessorImpl.newInstance(DelegatingConstructorAccessorImpl.java:45)\n\tat java.base/java.lang.reflect.Constructor.newInstance(Constructor.java:490)\n\tat org.openqa.selenium.remote.http.W3CHttpResponseCodec.createException(W3CHttpResponseCodec.java:187)\n\tat org.openqa.selenium.remote.http.W3CHttpResponseCodec.decode(W3CHttpResponseCodec.java:122)\n\tat org.openqa.selenium.remote.http.W3CHttpResponseCodec.decode(W3CHttpResponseCodec.java:49)\n\tat org.openqa.selenium.remote.HttpCommandExecutor.execute(HttpCommandExecutor.java:158)\n\tat org.openqa.selenium.remote.service.DriverCommandExecutor.execute(DriverCommandExecutor.java:83)\n\tat org.openqa.selenium.remote.RemoteWebDriver.execute(RemoteWebDriver.java:552)\n\tat org.openqa.selenium.remote.RemoteWebDriver.findElement(RemoteWebDriver.java:323)\n\tat org.openqa.selenium.remote.RemoteWebDriver.findElementByCssSelector(RemoteWebDriver.java:420)\n\tat org.openqa.selenium.By$ByCssSelector.findElement(By.java:431)\n\tat org.openqa.selenium.remote.RemoteWebDriver.findElement(RemoteWebDriver.java:315)\n\tat com.codeborne.selenide.impl.WebElementSelector.findElement(WebElementSelector.java:59)\n\tat com.codeborne.selenide.impl.WebElementSelector.findElement(WebElementSelector.java:34)\n\tat com.codeborne.selenide.impl.ElementFinder.getWebElement(ElementFinder.java:104)\n\tat com.codeborne.selenide.impl.WebElementSource.checkCondition(WebElementSource.java:99)\n\t... 35 more\n"},"stage":"finished","steps":[],"attachments":[{"name":"Screenshot","source":"f243eb30-17cb-4d7b-a8c0-40e894fb0b22-attachment.png","type":"image/png"},{"name":"Page source","source":"7ffe0954-7bb8-4638-83b5-a5bfbe2c4d86-attachment.html","type":"text/html"}],"parameters":[],"start":1615388285145,"stop":1615388290585}],"attachments":[],"parameters":[],"start":1615388275800,"stop":1615388290600,"uuid":"30ddf04f-a59b-4f7d-8a12-de249ec981dd","historyId":"637888c8078510f2be263124ac5378ac","fullName":"saucedemoTests.sauceDemoTests.testAddingToCart","labels":[{"name":"package","value":"saucedemoTests.sauceDemoTests"},{"name":"testClass","value":"saucedemoTests.sauceDemoTests"},{"name":"testMethod","value":"testAddingToCart"},{"name":"parentSuite","value":"Default Suite"},{"name":"suite","value":"Selenide-Allure"},{"name":"subSuite","value":"saucedemoTests.sauceDemoTests"},{"name":"host","value":"ostap"},{"name":"thread","value":"27693@ostap.main(1)"},{"name":"framework","value":"testng"},{"name":"language","value":"java"},{"name":"severity","value":"blocker"}],"links":[]}