{"name":"testAddingToCart","status":"failed","statusDetails":{"known":false,"muted":false,"flaky":false,"message":"Element not found {By.className: svg-inline--fa fa-shopping-cart fa-w-18 fa-3x}\nExpected: visible\nScreenshot: file:/home/ostap/Documents/logos/AQA%20course/AllureLesson/Selenide-Allure-TestNG/selenide-reports/saucedemoTests/sauceDemoTests/testAddingToCart/1615388397214.0.png\nPage source: file:/home/ostap/Documents/logos/AQA%20course/AllureLesson/Selenide-Allure-TestNG/selenide-reports/saucedemoTests/sauceDemoTests/testAddingToCart/1615388397214.0.html\nTimeout: 4 s.\nCaused by: NoSuchElementException: no such element: Unable to locate element: {\"method\":\"css selector\",\"selector\":\".svg\\-inline\\-\\-fa\\ fa\\-shopping\\-cart\\ fa\\-w\\-18\\ fa\\-3x\"}","trace":"Element not found {By.className: svg-inline--fa fa-shopping-cart fa-w-18 fa-3x}\nExpected: visible\nScreenshot: file:/home/ostap/Documents/logos/AQA%20course/AllureLesson/Selenide-Allure-TestNG/selenide-reports/saucedemoTests/sauceDemoTests/testAddingToCart/1615388397214.0.png\nPage source: file:/home/ostap/Documents/logos/AQA%20course/AllureLesson/Selenide-Allure-TestNG/selenide-reports/saucedemoTests/sauceDemoTests/testAddingToCart/1615388397214.0.html\nTimeout: 4 s.\nCaused by: NoSuchElementException: no such element: Unable to locate element: {\"method\":\"css selector\",\"selector\":\".svg\\-inline\\-\\-fa\\ fa\\-shopping\\-cart\\ fa\\-w\\-18\\ fa\\-3x\"}\n\tat com.codeborne.selenide.impl.WebElementSource.createElementNotFoundError(WebElementSource.java:83)\n\tat com.codeborne.selenide.impl.ElementFinder.createElementNotFoundError(ElementFinder.java:136)\n\tat com.codeborne.selenide.impl.WebElementSource.checkCondition(WebElementSource.java:114)\n\tat com.codeborne.selenide.commands.Should.execute(Should.java:30)\n\tat com.codeborne.selenide.commands.Should.execute(Should.java:14)\n\tat com.codeborne.selenide.commands.Commands.execute(Commands.java:155)\n\tat com.codeborne.selenide.impl.SelenideElementProxy.dispatchAndRetry(SelenideElementProxy.java:128)\n\tat com.codeborne.selenide.impl.SelenideElementProxy.invoke(SelenideElementProxy.java:80)\n\tat com.sun.proxy.$Proxy15.shouldBe(Unknown Source)\n\tat sauceDemo.sauceDemo.goToCart(sauceDemo.java:86)\n\tat saucedemoTests.sauceDemoTests.testAddingToCart(sauceDemoTests.java:73)\n\tat java.base/jdk.internal.reflect.NativeMethodAccessorImpl.invoke0(Native Method)\n\tat java.base/jdk.internal.reflect.NativeMethodAccessorImpl.invoke(NativeMethodAccessorImpl.java:62)\n\tat java.base/jdk.internal.reflect.DelegatingMethodAccessorImpl.invoke(DelegatingMethodAccessorImpl.java:43)\n\tat java.base/java.lang.reflect.Method.invoke(Method.java:566)\n\tat org.testng.internal.MethodInvocationHelper.invokeMethod(MethodInvocationHelper.java:134)\n\tat org.testng.internal.TestInvoker.invokeMethod(TestInvoker.java:597)\n\tat org.testng.internal.TestInvoker.invokeTestMethod(TestInvoker.java:173)\n\tat org.testng.internal.MethodRunner.runInSequence(MethodRunner.java:46)\n\tat org.testng.internal.TestInvoker$MethodInvocationAgent.invoke(TestInvoker.java:816)\n\tat org.testng.internal.TestInvoker.invokeTestMethods(TestInvoker.java:146)\n\tat org.testng.internal.TestMethodWorker.invokeTestMethods(TestMethodWorker.java:146)\n\tat org.testng.internal.TestMethodWorker.run(TestMethodWorker.java:128)\n\tat java.base/java.util.ArrayList.forEach(ArrayList.java:1541)\n\tat org.testng.TestRunner.privateRun(TestRunner.java:766)\n\tat org.testng.TestRunner.run(TestRunner.java:587)\n\tat org.testng.SuiteRunner.runTest(SuiteRunner.java:384)\n\tat org.testng.SuiteRunner.runSequentially(SuiteRunner.java:378)\n\tat org.testng.SuiteRunner.privateRun(SuiteRunner.java:337)\n\tat org.testng.SuiteRunner.run(SuiteRunner.java:286)\n\tat org.testng.SuiteRunnerWorker.runSuite(SuiteRunnerWorker.java:53)\n\tat org.testng.SuiteRunnerWorker.run(SuiteRunnerWorker.java:96)\n\tat org.testng.TestNG.runSuitesSequentially(TestNG.java:1187)\n\tat org.testng.TestNG.runSuitesLocally(TestNG.java:1109)\n\tat org.testng.TestNG.runSuites(TestNG.java:1039)\n\tat org.testng.TestNG.run(TestNG.java:1007)\n\tat com.intellij.rt.testng.IDEARemoteTestNG.run(IDEARemoteTestNG.java:66)\n\tat com.intellij.rt.testng.RemoteTestNGStarter.main(RemoteTestNGStarter.java:109)\nCaused by: org.openqa.selenium.NoSuchElementException: no such element: Unable to locate element: {\"method\":\"css selector\",\"selector\":\".svg\\-inline\\-\\-fa\\ fa\\-shopping\\-cart\\ fa\\-w\\-18\\ fa\\-3x\"}\n  (Session info: chrome=89.0.4389.72)\nFor documentation on this error, please visit: https://www.seleniumhq.org/exceptions/no_such_element.html\nBuild info: version: '3.141.59', revision: 'e82be7d358', time: '2018-11-14T08:17:03'\nSystem info: host: 'ostap', ip: '192.168.77.250', os.name: 'Linux', os.arch: 'amd64', os.version: '5.8.0-44-generic', java.version: '11.0.9'\nDriver info: org.openqa.selenium.chrome.ChromeDriver\nCapabilities {acceptInsecureCerts: true, browserName: chrome, browserVersion: 89.0.4389.72, chrome: {chromedriverVersion: 89.0.4389.23 (61b08ee2c5002..., userDataDir: /tmp/.com.google.Chrome.oE6VBA}, goog:chromeOptions: {debuggerAddress: localhost:38005}, javascriptEnabled: true, networkConnectionEnabled: false, pageLoadStrategy: normal, platform: LINUX, platformName: LINUX, proxy: Proxy(), setWindowRect: true, strictFileInteractability: false, timeouts: {implicit: 0, pageLoad: 300000, script: 30000}, unhandledPromptBehavior: dismiss and notify, webauthn:extension:largeBlob: true, webauthn:virtualAuthenticators: true}\nSession ID: 85ecdf6e2843e6e90da79b2ebaa4d877\n*** Element info: {Using=class name, value=svg-inline--fa fa-shopping-cart fa-w-18 fa-3x}\n\tat jdk.internal.reflect.GeneratedConstructorAccessor10.newInstance(Unknown Source)\n\tat java.base/jdk.internal.reflect.DelegatingConstructorAccessorImpl.newInstance(DelegatingConstructorAccessorImpl.java:45)\n\tat java.base/java.lang.reflect.Constructor.newInstance(Constructor.java:490)\n\tat org.openqa.selenium.remote.http.W3CHttpResponseCodec.createException(W3CHttpResponseCodec.java:187)\n\tat org.openqa.selenium.remote.http.W3CHttpResponseCodec.decode(W3CHttpResponseCodec.java:122)\n\tat org.openqa.selenium.remote.http.W3CHttpResponseCodec.decode(W3CHttpResponseCodec.java:49)\n\tat org.openqa.selenium.remote.HttpCommandExecutor.execute(HttpCommandExecutor.java:158)\n\tat org.openqa.selenium.remote.service.DriverCommandExecutor.execute(DriverCommandExecutor.java:83)\n\tat org.openqa.selenium.remote.RemoteWebDriver.execute(RemoteWebDriver.java:552)\n\tat org.openqa.selenium.remote.RemoteWebDriver.findElement(RemoteWebDriver.java:323)\n\tat org.openqa.selenium.remote.RemoteWebDriver.findElementByClassName(RemoteWebDriver.java:412)\n\tat org.openqa.selenium.By$ByClassName.findElement(By.java:389)\n\tat org.openqa.selenium.remote.RemoteWebDriver.findElement(RemoteWebDriver.java:315)\n\tat com.codeborne.selenide.impl.WebElementSelector.findElement(WebElementSelector.java:59)\n\tat com.codeborne.selenide.impl.WebElementSelector.findElement(WebElementSelector.java:34)\n\tat com.codeborne.selenide.impl.ElementFinder.getWebElement(ElementFinder.java:104)\n\tat com.codeborne.selenide.impl.WebElementSource.checkCondition(WebElementSource.java:99)\n\t... 35 more\n"},"stage":"finished","description":"Chec adding to cart","steps":[{"name":"$(\"open\") https://www.saucedemo.com","status":"passed","stage":"finished","steps":[],"attachments":[],"parameters":[],"start":1615388384149,"stop":1615388388996},{"name":"$(\"By.name: user-name\") should be(visible)","status":"passed","stage":"finished","steps":[],"attachments":[],"parameters":[],"start":1615388389088,"stop":1615388389255},{"name":"$(\"By.name: user-name\") send keys(standard_user)","status":"passed","stage":"finished","steps":[],"attachments":[],"parameters":[],"start":1615388389256,"stop":1615388389473},{"name":"$(\"By.name: password\") should be(visible)","status":"passed","stage":"finished","steps":[],"attachments":[],"parameters":[],"start":1615388389473,"stop":1615388389553},{"name":"$(\"By.name: password\") send keys(secret_sauce)","status":"passed","stage":"finished","steps":[],"attachments":[],"parameters":[],"start":1615388389554,"stop":1615388389750},{"name":"$(\"By.id: login-button\") click()","status":"passed","stage":"finished","steps":[],"attachments":[],"parameters":[],"start":1615388389751,"stop":1615388390107},{"name":"$(\"By.xpath: (//div[@class='inventory_item_price']/following-sibling::button)[1]\") should be(visible)","status":"passed","stage":"finished","steps":[],"attachments":[],"parameters":[],"start":1615388390108,"stop":1615388391266},{"name":"$(\"By.xpath: (//div[@class='inventory_item_price']/following-sibling::button)[1]\") click()","status":"passed","stage":"finished","steps":[],"attachments":[],"parameters":[],"start":1615388391267,"stop":1615388391498},{"name":"$(\"By.xpath: (//div[@class='inventory_item_price']/following-sibling::button)[2]\") should be(visible)","status":"passed","stage":"finished","steps":[],"attachments":[],"parameters":[],"start":1615388391498,"stop":1615388391568},{"name":"$(\"By.xpath: (//div[@class='inventory_item_price']/following-sibling::button)[2]\") click()","status":"passed","stage":"finished","steps":[],"attachments":[],"parameters":[],"start":1615388391570,"stop":1615388391760},{"name":"$(\"By.xpath: (//div[@class='inventory_item_price']/following-sibling::button)[3]\") should be(visible)","status":"passed","stage":"finished","steps":[],"attachments":[],"parameters":[],"start":1615388391761,"stop":1615388391833},{"name":"$(\"By.xpath: (//div[@class='inventory_item_price']/following-sibling::button)[3]\") click()","status":"passed","stage":"finished","steps":[],"attachments":[],"parameters":[],"start":1615388391834,"stop":1615388392014},{"name":"$(\"By.xpath: (//div[@class='inventory_item_price']/following-sibling::button)[4]\") should be(visible)","status":"passed","stage":"finished","steps":[],"attachments":[],"parameters":[],"start":1615388392015,"stop":1615388392079},{"name":"$(\"By.xpath: (//div[@class='inventory_item_price']/following-sibling::button)[4]\") click()","status":"passed","stage":"finished","steps":[],"attachments":[],"parameters":[],"start":1615388392079,"stop":1615388392455},{"name":"$(\"By.xpath: (//div[@class='inventory_item_price']/following-sibling::button)[5]\") should be(visible)","status":"passed","stage":"finished","steps":[],"attachments":[],"parameters":[],"start":1615388392455,"stop":1615388392552},{"name":"$(\"By.xpath: (//div[@class='inventory_item_price']/following-sibling::button)[5]\") click()","status":"passed","stage":"finished","steps":[],"attachments":[],"parameters":[],"start":1615388392552,"stop":1615388392863},{"name":"$(\"By.xpath: (//div[@class='inventory_item_price']/following-sibling::button)[6]\") should be(visible)","status":"passed","stage":"finished","steps":[],"attachments":[],"parameters":[],"start":1615388392863,"stop":1615388392973},{"name":"$(\"By.xpath: (//div[@class='inventory_item_price']/following-sibling::button)[6]\") click()","status":"passed","stage":"finished","steps":[],"attachments":[],"parameters":[],"start":1615388392974,"stop":1615388393138},{"name":"$(\"By.className: svg-inline--fa fa-shopping-cart fa-w-18 fa-3x\") should be(visible)","status":"failed","statusDetails":{"known":false,"muted":false,"flaky":false,"message":"Element not found {By.className: svg-inline--fa fa-shopping-cart fa-w-18 fa-3x}\nExpected: visible\nScreenshot: file:/home/ostap/Documents/logos/AQA%20course/AllureLesson/Selenide-Allure-TestNG/selenide-reports/saucedemoTests/sauceDemoTests/testAddingToCart/1615388397214.0.png\nPage source: file:/home/ostap/Documents/logos/AQA%20course/AllureLesson/Selenide-Allure-TestNG/selenide-reports/saucedemoTests/sauceDemoTests/testAddingToCart/1615388397214.0.html\nTimeout: 4 s.\nCaused by: NoSuchElementException: no such element: Unable to locate element: {\"method\":\"css selector\",\"selector\":\".svg\\-inline\\-\\-fa\\ fa\\-shopping\\-cart\\ fa\\-w\\-18\\ fa\\-3x\"}","trace":"Element not found {By.className: svg-inline--fa fa-shopping-cart fa-w-18 fa-3x}\nExpected: visible\nScreenshot: file:/home/ostap/Documents/logos/AQA%20course/AllureLesson/Selenide-Allure-TestNG/selenide-reports/saucedemoTests/sauceDemoTests/testAddingToCart/1615388397214.0.png\nPage source: file:/home/ostap/Documents/logos/AQA%20course/AllureLesson/Selenide-Allure-TestNG/selenide-reports/saucedemoTests/sauceDemoTests/testAddingToCart/1615388397214.0.html\nTimeout: 4 s.\nCaused by: NoSuchElementException: no such element: Unable to locate element: {\"method\":\"css selector\",\"selector\":\".svg\\-inline\\-\\-fa\\ fa\\-shopping\\-cart\\ fa\\-w\\-18\\ fa\\-3x\"}\n\tat com.codeborne.selenide.impl.WebElementSource.createElementNotFoundError(WebElementSource.java:83)\n\tat com.codeborne.selenide.impl.ElementFinder.createElementNotFoundError(ElementFinder.java:136)\n\tat com.codeborne.selenide.impl.WebElementSource.checkCondition(WebElementSource.java:114)\n\tat com.codeborne.selenide.commands.Should.execute(Should.java:30)\n\tat com.codeborne.selenide.commands.Should.execute(Should.java:14)\n\tat com.codeborne.selenide.commands.Commands.execute(Commands.java:155)\n\tat com.codeborne.selenide.impl.SelenideElementProxy.dispatchAndRetry(SelenideElementProxy.java:128)\n\tat com.codeborne.selenide.impl.SelenideElementProxy.invoke(SelenideElementProxy.java:80)\n\tat com.sun.proxy.$Proxy15.shouldBe(Unknown Source)\n\tat sauceDemo.sauceDemo.goToCart(sauceDemo.java:86)\n\tat saucedemoTests.sauceDemoTests.testAddingToCart(sauceDemoTests.java:73)\n\tat java.base/jdk.internal.reflect.NativeMethodAccessorImpl.invoke0(Native Method)\n\tat java.base/jdk.internal.reflect.NativeMethodAccessorImpl.invoke(NativeMethodAccessorImpl.java:62)\n\tat java.base/jdk.internal.reflect.DelegatingMethodAccessorImpl.invoke(DelegatingMethodAccessorImpl.java:43)\n\tat java.base/java.lang.reflect.Method.invoke(Method.java:566)\n\tat org.testng.internal.MethodInvocationHelper.invokeMethod(MethodInvocationHelper.java:134)\n\tat org.testng.internal.TestInvoker.invokeMethod(TestInvoker.java:597)\n\tat org.testng.internal.TestInvoker.invokeTestMethod(TestInvoker.java:173)\n\tat org.testng.internal.MethodRunner.runInSequence(MethodRunner.java:46)\n\tat org.testng.internal.TestInvoker$MethodInvocationAgent.invoke(TestInvoker.java:816)\n\tat org.testng.internal.TestInvoker.invokeTestMethods(TestInvoker.java:146)\n\tat org.testng.internal.TestMethodWorker.invokeTestMethods(TestMethodWorker.java:146)\n\tat org.testng.internal.TestMethodWorker.run(TestMethodWorker.java:128)\n\tat java.base/java.util.ArrayList.forEach(ArrayList.java:1541)\n\tat org.testng.TestRunner.privateRun(TestRunner.java:766)\n\tat org.testng.TestRunner.run(TestRunner.java:587)\n\tat org.testng.SuiteRunner.runTest(SuiteRunner.java:384)\n\tat org.testng.SuiteRunner.runSequentially(SuiteRunner.java:378)\n\tat org.testng.SuiteRunner.privateRun(SuiteRunner.java:337)\n\tat org.testng.SuiteRunner.run(SuiteRunner.java:286)\n\tat org.testng.SuiteRunnerWorker.runSuite(SuiteRunnerWorker.java:53)\n\tat org.testng.SuiteRunnerWorker.run(SuiteRunnerWorker.java:96)\n\tat org.testng.TestNG.runSuitesSequentially(TestNG.java:1187)\n\tat org.testng.TestNG.runSuitesLocally(TestNG.java:1109)\n\tat org.testng.TestNG.runSuites(TestNG.java:1039)\n\tat org.testng.TestNG.run(TestNG.java:1007)\n\tat com.intellij.rt.testng.IDEARemoteTestNG.run(IDEARemoteTestNG.java:66)\n\tat com.intellij.rt.testng.RemoteTestNGStarter.main(RemoteTestNGStarter.java:109)\nCaused by: org.openqa.selenium.NoSuchElementException: no such element: Unable to locate element: {\"method\":\"css selector\",\"selector\":\".svg\\-inline\\-\\-fa\\ fa\\-shopping\\-cart\\ fa\\-w\\-18\\ fa\\-3x\"}\n  (Session info: chrome=89.0.4389.72)\nFor documentation on this error, please visit: https://www.seleniumhq.org/exceptions/no_such_element.html\nBuild info: version: '3.141.59', revision: 'e82be7d358', time: '2018-11-14T08:17:03'\nSystem info: host: 'ostap', ip: '192.168.77.250', os.name: 'Linux', os.arch: 'amd64', os.version: '5.8.0-44-generic', java.version: '11.0.9'\nDriver info: org.openqa.selenium.chrome.ChromeDriver\nCapabilities {acceptInsecureCerts: true, browserName: chrome, browserVersion: 89.0.4389.72, chrome: {chromedriverVersion: 89.0.4389.23 (61b08ee2c5002..., userDataDir: /tmp/.com.google.Chrome.oE6VBA}, goog:chromeOptions: {debuggerAddress: localhost:38005}, javascriptEnabled: true, networkConnectionEnabled: false, pageLoadStrategy: normal, platform: LINUX, platformName: LINUX, proxy: Proxy(), setWindowRect: true, strictFileInteractability: false, timeouts: {implicit: 0, pageLoad: 300000, script: 30000}, unhandledPromptBehavior: dismiss and notify, webauthn:extension:largeBlob: true, webauthn:virtualAuthenticators: true}\nSession ID: 85ecdf6e2843e6e90da79b2ebaa4d877\n*** Element info: {Using=class name, value=svg-inline--fa fa-shopping-cart fa-w-18 fa-3x}\n\tat jdk.internal.reflect.GeneratedConstructorAccessor10.newInstance(Unknown Source)\n\tat java.base/jdk.internal.reflect.DelegatingConstructorAccessorImpl.newInstance(DelegatingConstructorAccessorImpl.java:45)\n\tat java.base/java.lang.reflect.Constructor.newInstance(Constructor.java:490)\n\tat org.openqa.selenium.remote.http.W3CHttpResponseCodec.createException(W3CHttpResponseCodec.java:187)\n\tat org.openqa.selenium.remote.http.W3CHttpResponseCodec.decode(W3CHttpResponseCodec.java:122)\n\tat org.openqa.selenium.remote.http.W3CHttpResponseCodec.decode(W3CHttpResponseCodec.java:49)\n\tat org.openqa.selenium.remote.HttpCommandExecutor.execute(HttpCommandExecutor.java:158)\n\tat org.openqa.selenium.remote.service.DriverCommandExecutor.execute(DriverCommandExecutor.java:83)\n\tat org.openqa.selenium.remote.RemoteWebDriver.execute(RemoteWebDriver.java:552)\n\tat org.openqa.selenium.remote.RemoteWebDriver.findElement(RemoteWebDriver.java:323)\n\tat org.openqa.selenium.remote.RemoteWebDriver.findElementByClassName(RemoteWebDriver.java:412)\n\tat org.openqa.selenium.By$ByClassName.findElement(By.java:389)\n\tat org.openqa.selenium.remote.RemoteWebDriver.findElement(RemoteWebDriver.java:315)\n\tat com.codeborne.selenide.impl.WebElementSelector.findElement(WebElementSelector.java:59)\n\tat com.codeborne.selenide.impl.WebElementSelector.findElement(WebElementSelector.java:34)\n\tat com.codeborne.selenide.impl.ElementFinder.getWebElement(ElementFinder.java:104)\n\tat com.codeborne.selenide.impl.WebElementSource.checkCondition(WebElementSource.java:99)\n\t... 35 more\n"},"stage":"finished","steps":[],"attachments":[{"name":"Screenshot","source":"5ad3d8e3-74a9-4274-9014-4e677ee19796-attachment.png","type":"image/png"},{"name":"Page source","source":"662b0a8a-38b1-4cbf-8686-27654fed5858-attachment.html","type":"text/html"}],"parameters":[],"start":1615388393139,"stop":1615388398701}],"attachments":[],"parameters":[],"start":1615388384086,"stop":1615388398734,"uuid":"73664097-7dc7-4e27-a7c8-7cc46f012221","historyId":"637888c8078510f2be263124ac5378ac","fullName":"saucedemoTests.sauceDemoTests.testAddingToCart","labels":[{"name":"package","value":"saucedemoTests.sauceDemoTests"},{"name":"testClass","value":"saucedemoTests.sauceDemoTests"},{"name":"testMethod","value":"testAddingToCart"},{"name":"parentSuite","value":"Default Suite"},{"name":"suite","value":"Selenide-Allure"},{"name":"subSuite","value":"saucedemoTests.sauceDemoTests"},{"name":"host","value":"ostap"},{"name":"thread","value":"27995@ostap.main(1)"},{"name":"framework","value":"testng"},{"name":"language","value":"java"},{"name":"severity","value":"blocker"}],"links":[]}