{"name":"testBuyingProcedure","status":"failed","statusDetails":{"known":false,"muted":false,"flaky":false,"message":"Element not found {By.xpath: //div[text()='Sauce Labs Bolt T-Shirt']}\nExpected: visible\nScreenshot: file:/home/ostap/Documents/logos/AQA%20course/AllureLesson/Selenide-Allure-TestNG/selenide-reports/saucedemoTests/sauceDemoTests/testBuyingProcedure/1615405761837.0.png\nPage source: file:/home/ostap/Documents/logos/AQA%20course/AllureLesson/Selenide-Allure-TestNG/selenide-reports/saucedemoTests/sauceDemoTests/testBuyingProcedure/1615405761837.0.html\nTimeout: 4 s.\nCaused by: NoSuchElementException: no such element: Unable to locate element: {\"method\":\"xpath\",\"selector\":\"//div[text()='Sauce Labs Bolt T-Shirt']\"}","trace":"Element not found {By.xpath: //div[text()='Sauce Labs Bolt T-Shirt']}\nExpected: visible\nScreenshot: file:/home/ostap/Documents/logos/AQA%20course/AllureLesson/Selenide-Allure-TestNG/selenide-reports/saucedemoTests/sauceDemoTests/testBuyingProcedure/1615405761837.0.png\nPage source: file:/home/ostap/Documents/logos/AQA%20course/AllureLesson/Selenide-Allure-TestNG/selenide-reports/saucedemoTests/sauceDemoTests/testBuyingProcedure/1615405761837.0.html\nTimeout: 4 s.\nCaused by: NoSuchElementException: no such element: Unable to locate element: {\"method\":\"xpath\",\"selector\":\"//div[text()='Sauce Labs Bolt T-Shirt']\"}\n\tat com.codeborne.selenide.impl.WebElementSource.createElementNotFoundError(WebElementSource.java:83)\n\tat com.codeborne.selenide.impl.ElementFinder.createElementNotFoundError(ElementFinder.java:136)\n\tat com.codeborne.selenide.impl.WebElementSource.checkCondition(WebElementSource.java:114)\n\tat com.codeborne.selenide.commands.Should.execute(Should.java:30)\n\tat com.codeborne.selenide.commands.Should.execute(Should.java:14)\n\tat com.codeborne.selenide.commands.Commands.execute(Commands.java:155)\n\tat com.codeborne.selenide.impl.SelenideElementProxy.dispatchAndRetry(SelenideElementProxy.java:128)\n\tat com.codeborne.selenide.impl.SelenideElementProxy.invoke(SelenideElementProxy.java:80)\n\tat com.sun.proxy.$Proxy15.shouldBe(Unknown Source)\n\tat sauceDemo.sauceDemo.fillBuyingForm(sauceDemo.java:145)\n\tat saucedemoTests.sauceDemoTests.testBuyingProcedure(sauceDemoTests.java:110)\n\tat java.base/jdk.internal.reflect.NativeMethodAccessorImpl.invoke0(Native Method)\n\tat java.base/jdk.internal.reflect.NativeMethodAccessorImpl.invoke(NativeMethodAccessorImpl.java:62)\n\tat java.base/jdk.internal.reflect.DelegatingMethodAccessorImpl.invoke(DelegatingMethodAccessorImpl.java:43)\n\tat java.base/java.lang.reflect.Method.invoke(Method.java:566)\n\tat org.testng.internal.MethodInvocationHelper.invokeMethod(MethodInvocationHelper.java:134)\n\tat org.testng.internal.TestInvoker.invokeMethod(TestInvoker.java:597)\n\tat org.testng.internal.TestInvoker.invokeTestMethod(TestInvoker.java:173)\n\tat org.testng.internal.MethodRunner.runInSequence(MethodRunner.java:46)\n\tat org.testng.internal.TestInvoker$MethodInvocationAgent.invoke(TestInvoker.java:816)\n\tat org.testng.internal.TestInvoker.invokeTestMethods(TestInvoker.java:146)\n\tat org.testng.internal.TestMethodWorker.invokeTestMethods(TestMethodWorker.java:146)\n\tat org.testng.internal.TestMethodWorker.run(TestMethodWorker.java:128)\n\tat java.base/java.util.ArrayList.forEach(ArrayList.java:1541)\n\tat org.testng.TestRunner.privateRun(TestRunner.java:766)\n\tat org.testng.TestRunner.run(TestRunner.java:587)\n\tat org.testng.SuiteRunner.runTest(SuiteRunner.java:384)\n\tat org.testng.SuiteRunner.runSequentially(SuiteRunner.java:378)\n\tat org.testng.SuiteRunner.privateRun(SuiteRunner.java:337)\n\tat org.testng.SuiteRunner.run(SuiteRunner.java:286)\n\tat org.testng.SuiteRunnerWorker.runSuite(SuiteRunnerWorker.java:53)\n\tat org.testng.SuiteRunnerWorker.run(SuiteRunnerWorker.java:96)\n\tat org.testng.TestNG.runSuitesSequentially(TestNG.java:1187)\n\tat org.testng.TestNG.runSuitesLocally(TestNG.java:1109)\n\tat org.testng.TestNG.runSuites(TestNG.java:1039)\n\tat org.testng.TestNG.run(TestNG.java:1007)\n\tat com.intellij.rt.testng.IDEARemoteTestNG.run(IDEARemoteTestNG.java:66)\n\tat com.intellij.rt.testng.RemoteTestNGStarter.main(RemoteTestNGStarter.java:109)\nCaused by: org.openqa.selenium.NoSuchElementException: no such element: Unable to locate element: {\"method\":\"xpath\",\"selector\":\"//div[text()='Sauce Labs Bolt T-Shirt']\"}\n  (Session info: chrome=89.0.4389.72)\nFor documentation on this error, please visit: https://www.seleniumhq.org/exceptions/no_such_element.html\nBuild info: version: '3.141.59', revision: 'e82be7d358', time: '2018-11-14T08:17:03'\nSystem info: host: 'ostap', ip: '192.168.1.14', os.name: 'Linux', os.arch: 'amd64', os.version: '5.8.0-44-generic', java.version: '11.0.9'\nDriver info: org.openqa.selenium.chrome.ChromeDriver\nCapabilities {acceptInsecureCerts: true, browserName: chrome, browserVersion: 89.0.4389.72, chrome: {chromedriverVersion: 89.0.4389.23 (61b08ee2c5002..., userDataDir: /tmp/.com.google.Chrome.23A5fR}, goog:chromeOptions: {debuggerAddress: localhost:39849}, javascriptEnabled: true, networkConnectionEnabled: false, pageLoadStrategy: normal, platform: LINUX, platformName: LINUX, proxy: Proxy(), setWindowRect: true, strictFileInteractability: false, timeouts: {implicit: 0, pageLoad: 300000, script: 30000}, unhandledPromptBehavior: dismiss and notify, webauthn:extension:largeBlob: true, webauthn:virtualAuthenticators: true}\nSession ID: c6205e2d99910e1033038dd745435e20\n*** Element info: {Using=xpath, value=//div[text()='Sauce Labs Bolt T-Shirt']}\n\tat jdk.internal.reflect.GeneratedConstructorAccessor14.newInstance(Unknown Source)\n\tat java.base/jdk.internal.reflect.DelegatingConstructorAccessorImpl.newInstance(DelegatingConstructorAccessorImpl.java:45)\n\tat java.base/java.lang.reflect.Constructor.newInstance(Constructor.java:490)\n\tat org.openqa.selenium.remote.http.W3CHttpResponseCodec.createException(W3CHttpResponseCodec.java:187)\n\tat org.openqa.selenium.remote.http.W3CHttpResponseCodec.decode(W3CHttpResponseCodec.java:122)\n\tat org.openqa.selenium.remote.http.W3CHttpResponseCodec.decode(W3CHttpResponseCodec.java:49)\n\tat org.openqa.selenium.remote.HttpCommandExecutor.execute(HttpCommandExecutor.java:158)\n\tat org.openqa.selenium.remote.service.DriverCommandExecutor.execute(DriverCommandExecutor.java:83)\n\tat org.openqa.selenium.remote.RemoteWebDriver.execute(RemoteWebDriver.java:552)\n\tat org.openqa.selenium.remote.RemoteWebDriver.findElement(RemoteWebDriver.java:323)\n\tat org.openqa.selenium.remote.RemoteWebDriver.findElementByXPath(RemoteWebDriver.java:428)\n\tat org.openqa.selenium.By$ByXPath.findElement(By.java:353)\n\tat org.openqa.selenium.remote.RemoteWebDriver.findElement(RemoteWebDriver.java:315)\n\tat com.codeborne.selenide.impl.WebElementSelector.findElement(WebElementSelector.java:59)\n\tat com.codeborne.selenide.impl.WebElementSelector.findElement(WebElementSelector.java:34)\n\tat com.codeborne.selenide.impl.ElementFinder.getWebElement(ElementFinder.java:104)\n\tat com.codeborne.selenide.impl.WebElementSource.checkCondition(WebElementSource.java:99)\n\t... 35 more\n"},"stage":"finished","description":"Check direct to cart and back","steps":[{"name":"$(\"open\") https://www.saucedemo.com","status":"passed","stage":"finished","steps":[],"attachments":[],"parameters":[],"start":1615405748869,"stop":1615405753071},{"name":"$(\"By.name: user-name\") should be(visible)","status":"passed","stage":"finished","steps":[],"attachments":[],"parameters":[],"start":1615405753165,"stop":1615405753322},{"name":"$(\"By.name: user-name\") send keys(standard_user)","status":"passed","stage":"finished","steps":[],"attachments":[],"parameters":[],"start":1615405753323,"stop":1615405753540},{"name":"$(\"By.name: password\") should be(visible)","status":"passed","stage":"finished","steps":[],"attachments":[],"parameters":[],"start":1615405753540,"stop":1615405753661},{"name":"$(\"By.name: password\") send keys(secret_sauce)","status":"passed","stage":"finished","steps":[],"attachments":[],"parameters":[],"start":1615405753661,"stop":1615405753850},{"name":"$(\"By.id: login-button\") click()","status":"passed","stage":"finished","steps":[],"attachments":[],"parameters":[],"start":1615405753851,"stop":1615405754206},{"name":"$(\"By.xpath: (//div[@class='inventory_item_price']/following-sibling::button)[1]\") should be(visible)","status":"passed","stage":"finished","steps":[],"attachments":[],"parameters":[],"start":1615405754207,"stop":1615405754818},{"name":"$(\"By.xpath: (//div[@class='inventory_item_price']/following-sibling::button)[1]\") click()","status":"passed","stage":"finished","steps":[],"attachments":[],"parameters":[],"start":1615405754818,"stop":1615405755753},{"name":"$(\"By.xpath: (//div[@class='inventory_item_price']/following-sibling::button)[2]\") should be(visible)","status":"passed","stage":"finished","steps":[],"attachments":[],"parameters":[],"start":1615405755754,"stop":1615405755823},{"name":"$(\"By.xpath: (//div[@class='inventory_item_price']/following-sibling::button)[2]\") click()","status":"passed","stage":"finished","steps":[],"attachments":[],"parameters":[],"start":1615405755823,"stop":1615405755960},{"name":"$(\"By.xpath: (//div[@class='inventory_item_price']/following-sibling::button)[3]\") should be(visible)","status":"passed","stage":"finished","steps":[],"attachments":[],"parameters":[],"start":1615405755961,"stop":1615405756028},{"name":"$(\"By.xpath: (//div[@class='inventory_item_price']/following-sibling::button)[3]\") click()","status":"passed","stage":"finished","steps":[],"attachments":[],"parameters":[],"start":1615405756028,"stop":1615405756231},{"name":"$(\"By.xpath: (//div[@class='inventory_item_price']/following-sibling::button)[4]\") should be(visible)","status":"passed","stage":"finished","steps":[],"attachments":[],"parameters":[],"start":1615405756231,"stop":1615405756304},{"name":"$(\"By.xpath: (//div[@class='inventory_item_price']/following-sibling::button)[4]\") click()","status":"passed","stage":"finished","steps":[],"attachments":[],"parameters":[],"start":1615405756304,"stop":1615405756504},{"name":"$(\"By.xpath: (//div[@class='inventory_item_price']/following-sibling::button)[5]\") should be(visible)","status":"passed","stage":"finished","steps":[],"attachments":[],"parameters":[],"start":1615405756504,"stop":1615405756619},{"name":"$(\"By.xpath: (//div[@class='inventory_item_price']/following-sibling::button)[5]\") click()","status":"passed","stage":"finished","steps":[],"attachments":[],"parameters":[],"start":1615405756619,"stop":1615405756801},{"name":"$(\"By.xpath: (//div[@class='inventory_item_price']/following-sibling::button)[6]\") should be(visible)","status":"passed","stage":"finished","steps":[],"attachments":[],"parameters":[],"start":1615405756801,"stop":1615405756864},{"name":"$(\"By.xpath: (//div[@class='inventory_item_price']/following-sibling::button)[6]\") click()","status":"passed","stage":"finished","steps":[],"attachments":[],"parameters":[],"start":1615405756864,"stop":1615405757056},{"name":"$(\"By.id: shopping_cart_container\") should be(visible)","status":"passed","stage":"finished","steps":[],"attachments":[],"parameters":[],"start":1615405757057,"stop":1615405757123},{"name":"$(\"By.id: shopping_cart_container\") click()","status":"passed","stage":"finished","steps":[],"attachments":[],"parameters":[],"start":1615405757124,"stop":1615405757392},{"name":"$(\"By.xpath: //a[@class='btn_action checkout_button']\") should be(visible)","status":"passed","stage":"finished","steps":[],"attachments":[],"parameters":[],"start":1615405757393,"stop":1615405757512},{"name":"$(\"By.xpath: //a[@class='btn_action checkout_button']\") click()","status":"passed","stage":"finished","steps":[],"attachments":[],"parameters":[],"start":1615405757512,"stop":1615405757720},{"name":"$(\"By.xpath: //div[text()='Sauce Labs Bolt T-Shirt']\") should be(visible)","status":"failed","statusDetails":{"known":false,"muted":false,"flaky":false,"message":"Element not found {By.xpath: //div[text()='Sauce Labs Bolt T-Shirt']}\nExpected: visible\nScreenshot: file:/home/ostap/Documents/logos/AQA%20course/AllureLesson/Selenide-Allure-TestNG/selenide-reports/saucedemoTests/sauceDemoTests/testBuyingProcedure/1615405761837.0.png\nPage source: file:/home/ostap/Documents/logos/AQA%20course/AllureLesson/Selenide-Allure-TestNG/selenide-reports/saucedemoTests/sauceDemoTests/testBuyingProcedure/1615405761837.0.html\nTimeout: 4 s.\nCaused by: NoSuchElementException: no such element: Unable to locate element: {\"method\":\"xpath\",\"selector\":\"//div[text()='Sauce Labs Bolt T-Shirt']\"}","trace":"Element not found {By.xpath: //div[text()='Sauce Labs Bolt T-Shirt']}\nExpected: visible\nScreenshot: file:/home/ostap/Documents/logos/AQA%20course/AllureLesson/Selenide-Allure-TestNG/selenide-reports/saucedemoTests/sauceDemoTests/testBuyingProcedure/1615405761837.0.png\nPage source: file:/home/ostap/Documents/logos/AQA%20course/AllureLesson/Selenide-Allure-TestNG/selenide-reports/saucedemoTests/sauceDemoTests/testBuyingProcedure/1615405761837.0.html\nTimeout: 4 s.\nCaused by: NoSuchElementException: no such element: Unable to locate element: {\"method\":\"xpath\",\"selector\":\"//div[text()='Sauce Labs Bolt T-Shirt']\"}\n\tat com.codeborne.selenide.impl.WebElementSource.createElementNotFoundError(WebElementSource.java:83)\n\tat com.codeborne.selenide.impl.ElementFinder.createElementNotFoundError(ElementFinder.java:136)\n\tat com.codeborne.selenide.impl.WebElementSource.checkCondition(WebElementSource.java:114)\n\tat com.codeborne.selenide.commands.Should.execute(Should.java:30)\n\tat com.codeborne.selenide.commands.Should.execute(Should.java:14)\n\tat com.codeborne.selenide.commands.Commands.execute(Commands.java:155)\n\tat com.codeborne.selenide.impl.SelenideElementProxy.dispatchAndRetry(SelenideElementProxy.java:128)\n\tat com.codeborne.selenide.impl.SelenideElementProxy.invoke(SelenideElementProxy.java:80)\n\tat com.sun.proxy.$Proxy15.shouldBe(Unknown Source)\n\tat sauceDemo.sauceDemo.fillBuyingForm(sauceDemo.java:145)\n\tat saucedemoTests.sauceDemoTests.testBuyingProcedure(sauceDemoTests.java:110)\n\tat java.base/jdk.internal.reflect.NativeMethodAccessorImpl.invoke0(Native Method)\n\tat java.base/jdk.internal.reflect.NativeMethodAccessorImpl.invoke(NativeMethodAccessorImpl.java:62)\n\tat java.base/jdk.internal.reflect.DelegatingMethodAccessorImpl.invoke(DelegatingMethodAccessorImpl.java:43)\n\tat java.base/java.lang.reflect.Method.invoke(Method.java:566)\n\tat org.testng.internal.MethodInvocationHelper.invokeMethod(MethodInvocationHelper.java:134)\n\tat org.testng.internal.TestInvoker.invokeMethod(TestInvoker.java:597)\n\tat org.testng.internal.TestInvoker.invokeTestMethod(TestInvoker.java:173)\n\tat org.testng.internal.MethodRunner.runInSequence(MethodRunner.java:46)\n\tat org.testng.internal.TestInvoker$MethodInvocationAgent.invoke(TestInvoker.java:816)\n\tat org.testng.internal.TestInvoker.invokeTestMethods(TestInvoker.java:146)\n\tat org.testng.internal.TestMethodWorker.invokeTestMethods(TestMethodWorker.java:146)\n\tat org.testng.internal.TestMethodWorker.run(TestMethodWorker.java:128)\n\tat java.base/java.util.ArrayList.forEach(ArrayList.java:1541)\n\tat org.testng.TestRunner.privateRun(TestRunner.java:766)\n\tat org.testng.TestRunner.run(TestRunner.java:587)\n\tat org.testng.SuiteRunner.runTest(SuiteRunner.java:384)\n\tat org.testng.SuiteRunner.runSequentially(SuiteRunner.java:378)\n\tat org.testng.SuiteRunner.privateRun(SuiteRunner.java:337)\n\tat org.testng.SuiteRunner.run(SuiteRunner.java:286)\n\tat org.testng.SuiteRunnerWorker.runSuite(SuiteRunnerWorker.java:53)\n\tat org.testng.SuiteRunnerWorker.run(SuiteRunnerWorker.java:96)\n\tat org.testng.TestNG.runSuitesSequentially(TestNG.java:1187)\n\tat org.testng.TestNG.runSuitesLocally(TestNG.java:1109)\n\tat org.testng.TestNG.runSuites(TestNG.java:1039)\n\tat org.testng.TestNG.run(TestNG.java:1007)\n\tat com.intellij.rt.testng.IDEARemoteTestNG.run(IDEARemoteTestNG.java:66)\n\tat com.intellij.rt.testng.RemoteTestNGStarter.main(RemoteTestNGStarter.java:109)\nCaused by: org.openqa.selenium.NoSuchElementException: no such element: Unable to locate element: {\"method\":\"xpath\",\"selector\":\"//div[text()='Sauce Labs Bolt T-Shirt']\"}\n  (Session info: chrome=89.0.4389.72)\nFor documentation on this error, please visit: https://www.seleniumhq.org/exceptions/no_such_element.html\nBuild info: version: '3.141.59', revision: 'e82be7d358', time: '2018-11-14T08:17:03'\nSystem info: host: 'ostap', ip: '192.168.1.14', os.name: 'Linux', os.arch: 'amd64', os.version: '5.8.0-44-generic', java.version: '11.0.9'\nDriver info: org.openqa.selenium.chrome.ChromeDriver\nCapabilities {acceptInsecureCerts: true, browserName: chrome, browserVersion: 89.0.4389.72, chrome: {chromedriverVersion: 89.0.4389.23 (61b08ee2c5002..., userDataDir: /tmp/.com.google.Chrome.23A5fR}, goog:chromeOptions: {debuggerAddress: localhost:39849}, javascriptEnabled: true, networkConnectionEnabled: false, pageLoadStrategy: normal, platform: LINUX, platformName: LINUX, proxy: Proxy(), setWindowRect: true, strictFileInteractability: false, timeouts: {implicit: 0, pageLoad: 300000, script: 30000}, unhandledPromptBehavior: dismiss and notify, webauthn:extension:largeBlob: true, webauthn:virtualAuthenticators: true}\nSession ID: c6205e2d99910e1033038dd745435e20\n*** Element info: {Using=xpath, value=//div[text()='Sauce Labs Bolt T-Shirt']}\n\tat jdk.internal.reflect.GeneratedConstructorAccessor14.newInstance(Unknown Source)\n\tat java.base/jdk.internal.reflect.DelegatingConstructorAccessorImpl.newInstance(DelegatingConstructorAccessorImpl.java:45)\n\tat java.base/java.lang.reflect.Constructor.newInstance(Constructor.java:490)\n\tat org.openqa.selenium.remote.http.W3CHttpResponseCodec.createException(W3CHttpResponseCodec.java:187)\n\tat org.openqa.selenium.remote.http.W3CHttpResponseCodec.decode(W3CHttpResponseCodec.java:122)\n\tat org.openqa.selenium.remote.http.W3CHttpResponseCodec.decode(W3CHttpResponseCodec.java:49)\n\tat org.openqa.selenium.remote.HttpCommandExecutor.execute(HttpCommandExecutor.java:158)\n\tat org.openqa.selenium.remote.service.DriverCommandExecutor.execute(DriverCommandExecutor.java:83)\n\tat org.openqa.selenium.remote.RemoteWebDriver.execute(RemoteWebDriver.java:552)\n\tat org.openqa.selenium.remote.RemoteWebDriver.findElement(RemoteWebDriver.java:323)\n\tat org.openqa.selenium.remote.RemoteWebDriver.findElementByXPath(RemoteWebDriver.java:428)\n\tat org.openqa.selenium.By$ByXPath.findElement(By.java:353)\n\tat org.openqa.selenium.remote.RemoteWebDriver.findElement(RemoteWebDriver.java:315)\n\tat com.codeborne.selenide.impl.WebElementSelector.findElement(WebElementSelector.java:59)\n\tat com.codeborne.selenide.impl.WebElementSelector.findElement(WebElementSelector.java:34)\n\tat com.codeborne.selenide.impl.ElementFinder.getWebElement(ElementFinder.java:104)\n\tat com.codeborne.selenide.impl.WebElementSource.checkCondition(WebElementSource.java:99)\n\t... 35 more\n"},"stage":"finished","steps":[],"attachments":[{"name":"Screenshot","source":"c7de48c6-8c41-4ce9-82fc-123811e5f70b-attachment.png","type":"image/png"},{"name":"Page source","source":"6701d5c8-78be-44b9-bdab-2aeef8cc9031-attachment.html","type":"text/html"}],"parameters":[],"start":1615405757721,"stop":1615405762727}],"attachments":[],"parameters":[],"start":1615405748813,"stop":1615405762771,"uuid":"c9a58340-0984-4253-8671-6161e8866fb6","historyId":"3bdd345b6369518687e23e92e94facf2","fullName":"saucedemoTests.sauceDemoTests.testBuyingProcedure","labels":[{"name":"package","value":"saucedemoTests.sauceDemoTests"},{"name":"testClass","value":"saucedemoTests.sauceDemoTests"},{"name":"testMethod","value":"testBuyingProcedure"},{"name":"parentSuite","value":"Default Suite"},{"name":"suite","value":"Selenide-Allure"},{"name":"subSuite","value":"saucedemoTests.sauceDemoTests"},{"name":"host","value":"ostap"},{"name":"thread","value":"7063@ostap.main(1)"},{"name":"framework","value":"testng"},{"name":"language","value":"java"},{"name":"severity","value":"blocker"}],"links":[]}